{"numTotalTestSuites":44,"numPassedTestSuites":40,"numFailedTestSuites":4,"numPendingTestSuites":0,"numTotalTests":51,"numPassedTests":48,"numFailedTests":3,"numPendingTests":0,"numTodoTests":0,"snapshot":{"added":0,"failure":false,"filesAdded":0,"filesRemoved":0,"filesRemovedList":[],"filesUnmatched":0,"filesUpdated":0,"matched":0,"total":0,"unchecked":0,"uncheckedKeysByFile":[],"unmatched":0,"updated":0,"didUpdate":false},"startTime":1776585703621,"success":false,"testResults":[{"assertionResults":[{"ancestorTitles":["AdminGuard"],"fullName":"AdminGuard renders admin content when the current user is admin","status":"passed","title":"renders admin content when the current user is admin","duration":83.7435000000005,"failureMessages":[],"meta":{},"tags":[]},{"ancestorTitles":["AdminGuard"],"fullName":"AdminGuard redirects non-admin users to login","status":"passed","title":"redirects non-admin users to login","duration":52.99129999999968,"failureMessages":[],"meta":{},"tags":[]},{"ancestorTitles":["AdminGuard"],"fullName":"AdminGuard redirects to login and clears token when verification fails","status":"passed","title":"redirects to login and clears token when verification fails","duration":36.95479999999952,"failureMessages":[],"meta":{},"tags":[]}],"startTime":1776585714107,"endTime":1776585714280.9548,"status":"passed","message":"","name":"D:/VS Code/Electronic Store/electronic-store/frontend/src/admin/AdminGuard.test.jsx"},{"assertionResults":[{"ancestorTitles":["DashboardPage"],"fullName":"DashboardPage renders dashboard cards and data","status":"passed","title":"renders dashboard cards and data","duration":112.37640000000101,"failureMessages":[],"meta":{},"tags":[]}],"startTime":1776585714439,"endTime":1776585714551.3765,"status":"passed","message":"","name":"D:/VS Code/Electronic Store/electronic-store/frontend/src/admin/DashboardPage.test.jsx"},{"assertionResults":[{"ancestorTitles":["OrdersPage"],"fullName":"OrdersPage renders an order and updates status through the modal","status":"passed","title":"renders an order and updates status through the modal","duration":1075.6929,"failureMessages":[],"meta":{},"tags":[]}],"startTime":1776585712966,"endTime":1776585714041.6929,"status":"passed","message":"","name":"D:/VS Code/Electronic Store/electronic-store/frontend/src/admin/OrdersPage.test.jsx"},{"assertionResults":[{"ancestorTitles":["ReportsPage"],"fullName":"ReportsPage renders report data and exports csv","status":"passed","title":"renders report data and exports csv","duration":499.6913999999997,"failureMessages":[],"meta":{},"tags":[]}],"startTime":1776585713824,"endTime":1776585714323.6914,"status":"passed","message":"","name":"D:/VS Code/Electronic Store/electronic-store/frontend/src/admin/ReportsPage.test.jsx"},{"assertionResults":[{"ancestorTitles":["UsersPage"],"fullName":"UsersPage renders users and edits one account","status":"passed","title":"renders users and edits one account","duration":848.5508000000009,"failureMessages":[],"meta":{},"tags":[]}],"startTime":1776585713098,"endTime":1776585713946.5508,"status":"passed","message":"","name":"D:/VS Code/Electronic Store/electronic-store/frontend/src/admin/UsersPage.test.jsx"},{"assertionResults":[{"ancestorTitles":["LoginForm"],"fullName":"LoginForm logs in a customer, merges guest cart, and redirects to requested page","status":"passed","title":"logs in a customer, merges guest cart, and redirects to requested page","duration":1046.9323999999997,"failureMessages":[],"meta":{},"tags":[]},{"ancestorTitles":["LoginForm"],"fullName":"LoginForm redirects admin users to admin products page","status":"passed","title":"redirects admin users to admin products page","duration":771.1092000000008,"failureMessages":[],"meta":{},"tags":[]}],"startTime":1776585714067,"endTime":1776585715885.1091,"status":"passed","message":"","name":"D:/VS Code/Electronic Store/electronic-store/frontend/src/components/login-form.test.jsx"},{"assertionResults":[{"ancestorTitles":["Navbar"],"fullName":"Navbar renders categories and cart count","status":"passed","title":"renders categories and cart count","duration":182.49079999999958,"failureMessages":[],"meta":{},"tags":[]}],"startTime":1776585714220,"endTime":1776585714402.4907,"status":"passed","message":"","name":"D:/VS Code/Electronic Store/electronic-store/frontend/src/components/Navbar.test.jsx"},{"assertionResults":[{"ancestorTitles":["ProductCard"],"fullName":"ProductCard shows add to cart and triggers cart action","status":"passed","title":"shows add to cart and triggers cart action","duration":349.4841000000015,"failureMessages":[],"meta":{},"tags":[]},{"ancestorTitles":["ProductCard"],"fullName":"ProductCard shows sold out for zero stock","status":"passed","title":"shows sold out for zero stock","duration":29.358699999998862,"failureMessages":[],"meta":{},"tags":[]}],"startTime":1776585713941,"endTime":1776585714320.3586,"status":"passed","message":"","name":"D:/VS Code/Electronic Store/electronic-store/frontend/src/components/ProductCard.test.jsx"},{"assertionResults":[{"ancestorTitles":["Register"],"fullName":"Register shows validation error when required fields are missing","status":"passed","title":"shows validation error when required fields are missing","duration":456.0666999999994,"failureMessages":[],"meta":{},"tags":[]},{"ancestorTitles":["Register"],"fullName":"Register registers a user and redirects to home","status":"passed","title":"registers a user and redirects to home","duration":1021.3550999999989,"failureMessages":[],"meta":{},"tags":[]}],"startTime":1776585713096,"endTime":1776585714573.355,"status":"passed","message":"","name":"D:/VS Code/Electronic Store/electronic-store/frontend/src/components/Register.test.jsx"},{"assertionResults":[{"ancestorTitles":["ScrollToTop"],"fullName":"ScrollToTop scrolls to top on render","status":"passed","title":"scrolls to top on render","duration":24.294299999999566,"failureMessages":[],"meta":{},"tags":[]}],"startTime":1776585714593,"endTime":1776585714617.2942,"status":"passed","message":"","name":"D:/VS Code/Electronic Store/electronic-store/frontend/src/components/ScrollToTop.test.jsx"},{"assertionResults":[{"ancestorTitles":["AccountPage"],"fullName":"AccountPage redirects to login when token is missing","status":"failed","title":"redirects to login when token is missing","duration":1057.5823,"failureMessages":["Error: Unable to find an element with the text: Login Page. This could be because the text is broken up by multiple elements. In this case, you can provide a function for your text matcher to make your matcher more flexible.\n\nIgnored nodes: comments, script, style\n\u001b[36m<body>\u001b[39m\n  \u001b[36m<div>\u001b[39m\n    \u001b[36m<div\u001b[39m\n      \u001b[33mclass\u001b[39m=\u001b[32m\"min-h-screen bg-[#fafafb] font-sans pt-10 pb-10\"\u001b[39m\n    \u001b[36m>\u001b[39m\n      \u001b[36m<div\u001b[39m\n        \u001b[33mclass\u001b[39m=\u001b[32m\"w-full mx-auto px-4 sm:px-6 lg:px-8 xl:px-12 2xl:px-24 flex flex-col md:flex-row gap-10\"\u001b[39m\n      \u001b[36m>\u001b[39m\n        \u001b[36m<div>\u001b[39m\n          \u001b[36m<div>\u001b[39m\n            \u001b[0mSidebar\u001b[0m\n          \u001b[36m</div>\u001b[39m\n          \u001b[36m<button\u001b[39m\n            \u001b[33mtype\u001b[39m=\u001b[32m\"button\"\u001b[39m\n          \u001b[36m>\u001b[39m\n            \u001b[0mSwitch Tab\u001b[0m\n          \u001b[36m</button>\u001b[39m\n          \u001b[36m<button\u001b[39m\n            \u001b[33mtype\u001b[39m=\u001b[32m\"button\"\u001b[39m\n          \u001b[36m>\u001b[39m\n            \u001b[0mLogout\u001b[0m\n          \u001b[36m</button>\u001b[39m\n          \u001b[36m<div>\u001b[39m\n            \u001b[0mprofile\u001b[0m\n          \u001b[36m</div>\u001b[39m\n        \u001b[36m</div>\u001b[39m\n        \u001b[36m<div\u001b[39m\n          \u001b[33mclass\u001b[39m=\u001b[32m\"flex-1\"\u001b[39m\n        \u001b[36m>\u001b[39m\n          \u001b[36m<div>\u001b[39m\n            \u001b[0mProfile: \u001b[0m\n          \u001b[36m</div>\u001b[39m\n        \u001b[36m</div>\u001b[39m\n      \u001b[36m</div>\u001b[39m\n    \u001b[36m</div>\u001b[39m\n  \u001b[36m</div>\u001b[39m\n\u001b[36m</body>\u001b[39m\n    at waitForWrapper (D:\\VS Code\\Electronic Store\\electronic-store\\frontend\\node_modules\\@testing-library\\dom\\dist\\wait-for.js:163:27)\n    at D:\\VS Code\\Electronic Store\\electronic-store\\frontend\\node_modules\\@testing-library\\dom\\dist\\query-helpers.js:86:33\n    at D:/VS Code/Electronic Store/electronic-store/frontend/src/pages/AccountPage.test.jsx:56:25\n    at file:///D:/VS%20Code/Electronic%20Store/electronic-store/frontend/node_modules/@vitest/runner/dist/chunk-artifact.js:302:11\n    at file:///D:/VS%20Code/Electronic%20Store/electronic-store/frontend/node_modules/@vitest/runner/dist/chunk-artifact.js:1903:26\n    at file:///D:/VS%20Code/Electronic%20Store/electronic-store/frontend/node_modules/@vitest/runner/dist/chunk-artifact.js:2326:20\n    at new Promise (<anonymous>)\n    at runWithCancel (file:///D:/VS%20Code/Electronic%20Store/electronic-store/frontend/node_modules/@vitest/runner/dist/chunk-artifact.js:2323:10)\n    at file:///D:/VS%20Code/Electronic%20Store/electronic-store/frontend/node_modules/@vitest/runner/dist/chunk-artifact.js:2305:20\n    at new Promise (<anonymous>)"],"meta":{},"tags":[]},{"ancestorTitles":["AccountPage"],"fullName":"AccountPage loads the profile and renders the profile tab","status":"passed","title":"loads the profile and renders the profile tab","duration":23.58129999999983,"failureMessages":[],"meta":{},"tags":[]}],"startTime":1776585712438,"endTime":1776585713519.5813,"status":"failed","message":"","name":"D:/VS Code/Electronic Store/electronic-store/frontend/src/pages/AccountPage.test.jsx"},{"assertionResults":[{"ancestorTitles":["admin service"],"fullName":"admin service calls admin access check","status":"passed","title":"calls admin access check","duration":4.713999999999942,"failureMessages":[],"meta":{},"tags":[]},{"ancestorTitles":["admin service"],"fullName":"admin service calls dashboard stats endpoint","status":"passed","title":"calls dashboard stats endpoint","duration":0.9119000000009692,"failureMessages":[],"meta":{},"tags":[]},{"ancestorTitles":["admin service"],"fullName":"admin service calls sales report with params","status":"passed","title":"calls sales report with params","duration":1.6733000000003813,"failureMessages":[],"meta":{},"tags":[]},{"ancestorTitles":["admin service"],"fullName":"admin service uses blob response for csv exports","status":"passed","title":"uses blob response for csv exports","duration":3.1234999999996944,"failureMessages":[],"meta":{},"tags":[]},{"ancestorTitles":["admin service"],"fullName":"admin service uses json response for json exports","status":"passed","title":"uses json response for json exports","duration":0.7811000000001513,"failureMessages":[],"meta":{},"tags":[]},{"ancestorTitles":["admin service"],"fullName":"admin service calls admin orders and users endpoints","status":"passed","title":"calls admin orders and users endpoints","duration":2.849900000001071,"failureMessages":[],"meta":{},"tags":[]}],"startTime":1776585713938,"endTime":1776585713952.8499,"status":"passed","message":"","name":"D:/VS Code/Electronic Store/electronic-store/frontend/src/services/admin.test.js"},{"assertionResults":[{"ancestorTitles":["authService"],"fullName":"authService posts login credentials","status":"passed","title":"posts login credentials","duration":3.6424000000001797,"failureMessages":[],"meta":{},"tags":[]},{"ancestorTitles":["authService"],"fullName":"authService posts register payload","status":"passed","title":"posts register payload","duration":0.652599999999893,"failureMessages":[],"meta":{},"tags":[]},{"ancestorTitles":["authService"],"fullName":"authService returns null when no token exists for getCurrentUser","status":"passed","title":"returns null when no token exists for getCurrentUser","duration":0.5335999999997512,"failureMessages":[],"meta":{},"tags":[]},{"ancestorTitles":["authService"],"fullName":"authService gets current user when token exists","status":"passed","title":"gets current user when token exists","duration":0.653400000000147,"failureMessages":[],"meta":{},"tags":[]}],"startTime":1776585717441,"endTime":1776585717445.6533,"status":"passed","message":"","name":"D:/VS Code/Electronic Store/electronic-store/frontend/src/services/authentication.test.js"},{"assertionResults":[{"ancestorTitles":["cart service"],"fullName":"cart service gets cart data","status":"passed","title":"gets cart data","duration":5.212199999999939,"failureMessages":[],"meta":{},"tags":[]},{"ancestorTitles":["cart service"],"fullName":"cart service adds item to cart","status":"passed","title":"adds item to cart","duration":1.7780000000002474,"failureMessages":[],"meta":{},"tags":[]},{"ancestorTitles":["cart service"],"fullName":"cart service updates cart item","status":"passed","title":"updates cart item","duration":1.0984000000007654,"failureMessages":[],"meta":{},"tags":[]},{"ancestorTitles":["cart service"],"fullName":"cart service removes cart item","status":"passed","title":"removes cart item","duration":0.5769000000000233,"failureMessages":[],"meta":{},"tags":[]},{"ancestorTitles":["cart service"],"fullName":"cart service merges carts by session id","status":"passed","title":"merges carts by session id","duration":0.6861000000008062,"failureMessages":[],"meta":{},"tags":[]}],"startTime":1776585714121,"endTime":1776585714130.686,"status":"passed","message":"","name":"D:/VS Code/Electronic Store/electronic-store/frontend/src/services/cart.test.js"},{"assertionResults":[{"ancestorTitles":["categories service"],"fullName":"categories service returns sorted categories","status":"passed","title":"returns sorted categories","duration":3.287499999999909,"failureMessages":[],"meta":{},"tags":[]},{"ancestorTitles":["categories service"],"fullName":"categories service gets category by id","status":"passed","title":"gets category by id","duration":0.6730000000002292,"failureMessages":[],"meta":{},"tags":[]}],"startTime":1776585717780,"endTime":1776585717783.673,"status":"passed","message":"","name":"D:/VS Code/Electronic Store/electronic-store/frontend/src/services/categories.test.js"},{"assertionResults":[{"ancestorTitles":["products service"],"fullName":"products service gets product list data","status":"passed","title":"gets product list data","duration":3.7103000000001884,"failureMessages":[],"meta":{},"tags":[]},{"ancestorTitles":["products service"],"fullName":"products service gets a product by id","status":"passed","title":"gets a product by id","duration":0.5691999999999098,"failureMessages":[],"meta":{},"tags":[]}],"startTime":1776585717779,"endTime":1776585717783.569,"status":"passed","message":"","name":"D:/VS Code/Electronic Store/electronic-store/frontend/src/services/products.test.js"},{"assertionResults":[{"ancestorTitles":["user service"],"fullName":"user service gets profile","status":"passed","title":"gets profile","duration":5.846299999999246,"failureMessages":[],"meta":{},"tags":[]},{"ancestorTitles":["user service"],"fullName":"user service updates profile","status":"passed","title":"updates profile","duration":1.6028999999998632,"failureMessages":[],"meta":{},"tags":[]},{"ancestorTitles":["user service"],"fullName":"user service uploads avatar with multipart header","status":"passed","title":"uploads avatar with multipart header","duration":4.181400000001304,"failureMessages":[],"meta":{},"tags":[]}],"startTime":1776585714243,"endTime":1776585714255.1814,"status":"passed","message":"","name":"D:/VS Code/Electronic Store/electronic-store/frontend/src/services/user.test.js"},{"assertionResults":[{"ancestorTitles":["SettingsPage"],"fullName":"SettingsPage switches theme mode","status":"passed","title":"switches theme mode","duration":282.8026000000009,"failureMessages":[],"meta":{},"tags":[]}],"startTime":1776585714386,"endTime":1776585714668.8025,"status":"passed","message":"","name":"D:/VS Code/Electronic Store/electronic-store/frontend/src/admin/products/SettingsPage.test.jsx"},{"assertionResults":[{"ancestorTitles":["admin formatters"],"fullName":"admin formatters formats currency values","status":"passed","title":"formats currency values","duration":35.91429999999855,"failureMessages":[],"meta":{},"tags":[]},{"ancestorTitles":["admin formatters"],"fullName":"admin formatters formats numbers","status":"passed","title":"formats numbers","duration":1.230600000000777,"failureMessages":[],"meta":{},"tags":[]},{"ancestorTitles":["admin formatters"],"fullName":"admin formatters formats date safely","status":"passed","title":"formats date safely","duration":9.017499999999927,"failureMessages":[],"meta":{},"tags":[]},{"ancestorTitles":["admin formatters"],"fullName":"admin formatters capitalizes words","status":"passed","title":"capitalizes words","duration":0.8421999999991385,"failureMessages":[],"meta":{},"tags":[]},{"ancestorTitles":["admin formatters"],"fullName":"admin formatters formats payment method labels","status":"passed","title":"formats payment method labels","duration":0.6980999999996129,"failureMessages":[],"meta":{},"tags":[]}],"startTime":1776585714215,"endTime":1776585714263.698,"status":"passed","message":"","name":"D:/VS Code/Electronic Store/electronic-store/frontend/src/admin/utils/formatters.test.js"},{"assertionResults":[{"ancestorTitles":["AccountSidebar"],"fullName":"AccountSidebar changes tabs and logs out","status":"passed","title":"changes tabs and logs out","duration":437.5722999999998,"failureMessages":[],"meta":{},"tags":[]},{"ancestorTitles":["AccountSidebar"],"fullName":"AccountSidebar uploads a small avatar image","status":"passed","title":"uploads a small avatar image","duration":57.68260000000009,"failureMessages":[],"meta":{},"tags":[]}],"startTime":1776585713966,"endTime":1776585714461.6826,"status":"passed","message":"","name":"D:/VS Code/Electronic Store/electronic-store/frontend/src/components/account/AccountSidebar.test.jsx"},{"assertionResults":[{"ancestorTitles":["OrdersTab"],"fullName":"OrdersTab renders the empty state when there are no orders","status":"passed","title":"renders the empty state when there are no orders","duration":87.3122999999996,"failureMessages":[],"meta":{},"tags":[]},{"ancestorTitles":["OrdersTab"],"fullName":"OrdersTab renders order history entries","status":"passed","title":"renders order history entries","duration":38.147899999999936,"failureMessages":[],"meta":{},"tags":[]}],"startTime":1776585714676,"endTime":1776585714801.148,"status":"passed","message":"","name":"D:/VS Code/Electronic Store/electronic-store/frontend/src/components/account/OrdersTab.test.jsx"},{"assertionResults":[{"ancestorTitles":["ProfileTab"],"fullName":"ProfileTab updates profile details","status":"failed","title":"updates profile details","duration":1789.2042999999994,"failureMessages":["AssertionError: expected \"vi.fn()\" to be called with arguments: [ { firstName: 'Janet', …(2) } ]\u001b[90m\n\nReceived:\n\n\u001b[1m  1st vi.fn() call:\n\n\u001b[22m\u001b[2m  [\u001b[22m\n\u001b[2m    {\u001b[22m\n\u001b[32m-     \"firstName\": \"Janet\",\u001b[90m\n\u001b[32m-     \"lastName\": \"Smith\",\u001b[90m\n\u001b[31m+     \"firstName\": \"Jane\",\u001b[90m\n\u001b[31m+     \"lastName\": \"Doe\",\u001b[90m\n\u001b[2m      \"phone\": \"555\",\u001b[22m\n\u001b[2m    },\u001b[22m\n\u001b[2m  ]\u001b[22m\n\u001b[39m\u001b[90m\n\nNumber of calls: \u001b[1m1\u001b[22m\n\u001b[39m\n\nIgnored nodes: comments, script, style\n\u001b[36m<html>\u001b[39m\n  \u001b[36m<head />\u001b[39m\n  \u001b[36m<body>\u001b[39m\n    \u001b[36m<div>\u001b[39m\n      \u001b[36m<div\u001b[39m\n        \u001b[33mclass\u001b[39m=\u001b[32m\"animate-in fade-in duration-300 w-full\"\u001b[39m\n      \u001b[36m>\u001b[39m\n        \u001b[36m<div\u001b[39m\n          \u001b[33mclass\u001b[39m=\u001b[32m\"p-4 mb-6 rounded-lg font-bold w-full bg-green-50 text-green-700\"\u001b[39m\n        \u001b[36m>\u001b[39m\n          \u001b[0mProfile updated successfully!\u001b[0m\n        \u001b[36m</div>\u001b[39m\n        \u001b[36m<h1\u001b[39m\n          \u001b[33mclass\u001b[39m=\u001b[32m\"text-[32px] font-bold text-[#191c1d] tracking-tight mb-2\"\u001b[39m\n        \u001b[36m>\u001b[39m\n          \u001b[0mAccount Profile\u001b[0m\n        \u001b[36m</h1>\u001b[39m\n        \u001b[36m<p\u001b[39m\n          \u001b[33mclass\u001b[39m=\u001b[32m\"text-[15px] text-gray-500 mb-8\"\u001b[39m\n        \u001b[36m>\u001b[39m\n          \u001b[0mManage your personal information and shipping details.\u001b[0m\n        \u001b[36m</p>\u001b[39m\n        \u001b[36m<div\u001b[39m\n          \u001b[33mclass\u001b[39m=\u001b[32m\"bg-white p-8 rounded-2xl shadow-[0_2px_10px_rgba(0,0,0,0.02)] border border-gray-100 mb-8 w-full\"\u001b[39m\n        \u001b[36m>\u001b[39m\n          \u001b[36m<h2\u001b[39m\n            \u001b[33mclass\u001b[39m=\u001b[32m\"text-[18px] font-bold text-[#191c1d] mb-8 flex items-center\"\u001b[39m\n          \u001b[36m>\u001b[39m\n            \u001b[36m<div\u001b[39m\n              \u001b[33mclass\u001b[39m=\u001b[32m\"w-1.5 h-5 bg-[#0047b3] rounded-full mr-3\"\u001b[39m\n            \u001b[36m/>\u001b[39m\n            \u001b[0mPersonal Details\u001b[0m\n          \u001b[36m</h2>\u001b[39m\n          \u001b[36m<form\u001b[39m\n            \u001b[33mclass\u001b[39m=\u001b[32m\"space-y-6\"\u001b[39m\n          \u001b[36m>\u001b[39m\n            \u001b[36m<div\u001b[39m\n              \u001b[33mclass\u001b[39m=\u001b[32m\"grid grid-cols-1 md:grid-cols-2 gap-6\"\u001b[39m\n            \u001b[36m>\u001b[39m\n              \u001b[36m<div>\u001b[39m\n                \u001b[36m<label\u001b[39m\n                  \u001b[33mclass\u001b[39m=\u001b[32m\"block text-[11px] font-bold text-gray-500 uppercase tracking-widest mb-2\"\u001b[39m\n                \u001b[36m>\u001b[39m\n                  \u001b[0mFirst Name\u001b[0m\n                \u001b[36m</label>\u001b[39m\n                \u001b[36m<input\u001b[39m\n                  \u001b[33mclass\u001b[39m=\u001b[32m\"w-full px-4 py-3 rounded-lg text-[14px] text-[#191c1d] font-medium bg-[#f2f4f7] border-none outline-none focus:ring-2 focus:ring-[#003d9b]/20 transition-all\"\u001b[39m\n                  \u001b[33mname\u001b[39m=\u001b[32m\"firstName\"\u001b[39m\n                  \u001b[33mrequired\u001b[39m=\u001b[32m\"\"\u001b[39m\n                  \u001b[33mvalue\u001b[39m=\u001b[32m\"Jane\"\u001b[39m\n                \u001b[36m/>\u001b[39m\n              \u001b[36m</div>\u001b[39m\n              \u001b[36m<div>\u001b[39m\n                \u001b[36m<label\u001b[39m\n                  \u001b[33mclass\u001b[39m=\u001b[32m\"block text-[11px] font-bold text-gray-500 uppercase tracking-widest mb-2\"\u001b[39m\n                \u001b[36m>\u001b[39m\n                  \u001b[0mLast Name\u001b[0m\n                \u001b[36m</label>\u001b[39m\n                \u001b[36m<input\u001b[39m\n                  \u001b[33mclass\u001b[39m=\u001b[32m\"w-full px-4 py-3 rounded-lg text-[14px] text-[#191c1d] font-medium bg-[#f2f4f7] border-none outline-none focus:ring-2 focus:ring-[#003d9b]/20 transition-all\"\u001b[39m\n                  \u001b[33mname\u001b[39m=\u001b[32m\"lastName\"\u001b[39m\n                  \u001b[33mrequired\u001b[39m=\u001b[32m\"\"\u001b[39m\n                  \u001b[33mvalue\u001b[39m=\u001b[32m\"Doe\"\u001b[39m\n                \u001b[36m/>\u001b[39m\n              \u001b[36m</div>\u001b[39m\n            \u001b[36m</div>\u001b[39m\n            \u001b[36m<div>\u001b[39m\n              \u001b[36m<label\u001b[39m\n                \u001b[33mclass\u001b[39m=\u001b[32m\"block text-[11px] font-bold text-gray-500 uppercase tracking-widest mb-2\"\u001b[39m\n              \u001b[36m>\u001b[39m\n                \u001b[0mEmail Address\u001b[0m\n              \u001b[36m</label>\u001b[39m\n              \u001b[36m<input\u001b[39m\n                \u001b[33mclass\u001b[39m=\u001b[32m\"w-full px-4 py-3 rounded-lg text-[14px] text-[#191c1d] font-medium bg-[#f2f4f7] border-none outline-none focus:ring-2 focus:ring-[#003d9b]/20 transition-all opacity-60 cursor-not-allowed\"\u001b[39m\n                \u001b[33mreadonly\u001b[39m=\u001b[32m\"\"\u001b[39m\n                \u001b[33mvalue\u001b[39m=\u001b[32m\"jane@example.com\"\u001b[39m\n              \u001b[36m/>\u001b[39m\n            \u001b[36m</div>\u001b[39m\n            \u001b[36m<div>\u001b[39m\n              \u001b[36m<label\u001b[39m\n                \u001b[33mclass\u001b[39m=\u001b[32m\"block text-[11px] font-bold text-gray-500 uppercase tracking-widest mb-2\"\u001b[39m\n              \u001b[36m>\u001b[39m\n                \u001b[0mPhone Number\u001b[0m\n              \u001b[36m</label>\u001b[39m\n              \u001b[36m<input\u001b[39m\n                \u001b[33mclass\u001b[39m=\u001b[32m\"w-full px-4 py-3 rounded-lg text-[14px] text-[#191c1d] font-medium bg-[#f2f4f7] border-none outline-none focus:ring-2 focus:ring-[#003d9b]/20 transition-all\"\u001b[39m\n                \u001b[33mname\u001b[39m=\u001b[32m\"phone\"\u001b[39m\n                \u001b[33mvalue\u001b[39m=\u001b[32m\"555\"\u001b[39m\n              \u001b[36m/>\u001b[39m\n            \u001b[36m</div>\u001b[39m\n            \u001b[36m<div\u001b[39m\n              \u001b[33mclass\u001b[39m=\u001b[32m\"pt-6 mt-6 border-t border-gray-100 flex justify-end\"\u001b[39m\n            \u001b[36m>\u001b[39m\n              \u001b[36m<button\u001b[39m\n                \u001b[33mclass\u001b[39m=\u001b[32m\"bg-[#0047b3] text-white px-8 py-3 rounded-lg font-bold text-[14px] hover:bg-[#00368a] transition-colors disabled:opacity-50\"\u001b[39m\n                \u001b[33mtype\u001b[39m=\u001b[32m\"submit\"\u001b[39m\n              \u001b[36m>\u001b[39m\n                \u001b[0mSave Changes\u001b[0m\n              \u001b[36m</button>\u001b[39m\n            \u001b[36m</div>\u001b[39m\n          \u001b[36m</form>\u001b[39m\n        \u001b[36m</div>\u001b[39m\n        \u001b[36m<div\u001b[39m\n          \u001b[33mclass\u001b[39m=\u001b[32m\"bg-[#f8f9fa] p-8 rounded-2xl border border-gray-100 w-full\"\u001b[39m\n        \u001b[36m>\u001b[39m\n          \u001b[36m<div\u001b[39m\n            \u001b[33mclass\u001b[39m=\u001b[32m\"flex items-center justify-between mb-6\"\u001b[39m\n          \u001b[36m>\u001b[39m\n            \u001b[36m<h2\u001b[39m\n              \u001b[33mclass\u001b[39m=\u001b[32m\"text-[18px] font-bold text-[#191c1d] flex items-center\"\u001b[39m\n            \u001b[36m>\u001b[39m\n              \u001b[36m<div\u001b[39m\n                \u001b[33mclass\u001b[39m=\u001b[32m\"w-1.5 h-5 bg-[#0047b3] rounded-full mr-3\"\u001b[39m\n              \u001b[36m/>\u001b[39m\n              \u001b[0mDefault Shipping Address\u001b[0m\n            \u001b[36m</h2>\u001b[39m\n            \u001b[36m<button\u001b[39m\n              \u001b[33mclass\u001b[39m=\u001b[32m\"cursor-pointer flex items-center gap-1 text-[12px] font-bold text-[#0047b3] uppercase tracking-widest hover:underline\"\u001b[39m\n            \u001b[36m>\u001b[39m\n              \u001b[36m<svg\u001b[39m\n                \u001b[33maria-hidden\u001b[39m=\u001b[32m\"true\"\u001b[39m\n                \u001b[33mclass\u001b[39m=\u001b[32m\"lucide lucide-pen\"\u001b[39m\n                \u001b[33mfill\u001b[39m=\u001b[32m\"none\"\u001b[39m\n                \u001b[33mheight\u001b[39m=\u001b[32m\"14\"\u001b[39m\n                \u001b[33mstroke\u001b[39m=\u001b[32m\"currentColor\"\u001b[39m\n                \u001b[33mstroke-linecap\u001b[39m=\u001b[32m\"round\"\u001b[39m\n                \u001b[33mstroke-linejoin\u001b[39m=\u001b[32m\"round\"\u001b[39m\n                \u001b[33mstroke-width\u001b[39m=\u001b[32m\"2\"\u001b[39m\n                \u001b[33mviewBox\u001b[39m=\u001b[32m\"0 0 24 24\"\u001b[39m\n                \u001b[33mwidth\u001b[39m=\u001b[32m\"14\"\u001b[39m\n                \u001b[33mxmlns\u001b[39m=\u001b[32m\"http://www.w3.org/2000/svg\"\u001b[39m\n              \u001b[36m>\u001b[39m\n                \u001b[36m<path\u001b[39m\n                  \u001b[33md\u001b[39m=\u001b[32m\"M21.174 6.812a1 1 0 0 0-3.986-3.987L3.842 16.174a2 2 0 0 0-.5.83l-1.321 4.352a.5.5 0 0 0 .623.622l4.353-1.32a2 2 0 0 0 .83-.497z\"\u001b[39m\n                \u001b[36m/>\u001b[39m\n              \u001b[36m</svg>\u001b[39m\n              \u001b[0m Edit\u001b[0m\n            \u001b[36m</button>\u001b[39m\n          \u001b[36m</div>\u001b[39m\n          \u001b[36m<div\u001b[39m\n            \u001b[33mclass\u001b[39m=\u001b[32m\"bg-white p-6 rounded-xl flex items-start gap-4 shadow-sm border border-gray-50\"\u001b[39m\n          \u001b[36m>\u001b[39m\n            \u001b[36m<div\u001b[39m\n              \u001b[33mclass\u001b[39m=\u001b[32m\"w-8 h-8 rounded-full bg-[#0047b3]/10 text-[#0047b3] flex items-center justify-center flex-shrink-0 mt-1\"\u001b[39m\n            \u001b[36m>\u001b[39m\n              \u001b[36m<svg\u001b[39m\n                \u001b[33maria-hidden\u001b[39m=\u001b[32m\"true\"\u001b[39m\n                \u001b[33mclass\u001b[39m=\u001b[32m\"lucide lucide-map-pin\"\u001b[39m\n                \u001b[33mfill\u001b[39m=\u001b[32m\"none\"\u001b[39m\n                \u001b[33mheight\u001b[39m=\u001b[32m\"16\"\u001b[39m\n                \u001b[33mstroke\u001b[39m=\u001b[32m\"currentColor\"\u001b[39m\n                \u001b[33mstroke-linecap\u001b[39m=\u001b[32m\"round\"\u001b[39m\n                \u001b[33mstroke-linejoin\u001b[39m=\u001b[32m\"round\"\u001b[39m\n                \u001b[33mstroke-width\u001b[39m=\u001b[32m\"2\"\u001b[39m\n                \u001b[33mviewBox\u001b[39m=\u001b[32m\"0 0 24 24\"\u001b[39m\n                \u001b[33mwidth\u001b[39m=\u001b[32m\"16\"\u001b[39m\n                \u001b[33mxmlns\u001b[39m=\u001b[32m\"http://www.w3.org/2000/svg\"\u001b[39m\n              \u001b[36m>\u001b[39m\n                \u001b[36m<path\u001b[39m\n                  \u001b[33md\u001b[39m=\u001b[32m\"M20 10c0 4.993-5.539 10.193-7.399 11.799a1 1 0 0 1-1.202 0C9.539 20.193 4 14.993 4 10a8 8 0 0 1 16 0\"\u001b[39m\n                \u001b[36m/>\u001b[39m\n                \u001b[36m<circle\u001b[39m\n                  \u001b[33mcx\u001b[39m=\u001b[32m\"12\"\u001b[39m\n                  \u001b[33mcy\u001b[39m=\u001b[32m\"10\"\u001b[39m\n                  \u001b[33mr\u001b[39m=\u001b[32m\"3\"\u001b[39m\n                \u001b[36m/>\u001b[39m\n              \u001b[36m</svg>\u001b[39m\n            \u001b[36m</div>\u001b[39m\n            \u001b[36m<div>\u001b[39m\n              \u001b[36m<h3\u001b[39m\n                \u001b[33mclass\u001b[39m=\u001b[32m\"text-[14px] font-bold text-[#191c1d] mb-1\"\u001b[39m\n              \u001b[36m>\u001b[39m\n                \u001b[0mPrimary Destination\u001b[0m\n              \u001b[36m</h3>\u001b[39m\n              \u001b[36m<p\u001b[39m\n                \u001b[33mclass\u001b[39m=\u001b[32m\"text-[14px] text-gray-400 italic\"\u001b[39m\n              \u001b[36m>\u001b[39m\n                \u001b[0mNo default address saved yet. Click Edit to add one.\u001b[0m\n              \u001b[36m</p>\u001b[39m\n            \u001b[36m</div>\u001b[39m\n          \u001b[36m</div>\u001b[39m\n        \u001b[36m</div>\u001b[39m\n      \u001b[36m</div>\u001b[39m\n    \u001b[36m</div>\u001b[39m\n  \u001b[36m</body>\u001b[39m\n\u001b[36m</html>\u001b[39m\n    at Proxy.<anonymous> (file:///D:/VS%20Code/Electronic%20Store/electronic-store/frontend/node_modules/@vitest/expect/dist/index.js:1487:10)\n    at Proxy.<anonymous> (file:///D:/VS%20Code/Electronic%20Store/electronic-store/frontend/node_modules/@vitest/expect/dist/index.js:1156:15)\n    at Proxy.methodWrapper (file:///D:/VS%20Code/Electronic%20Store/electronic-store/frontend/node_modules/chai/index.js:1700:25)\n    at D:/VS Code/Electronic Store/electronic-store/frontend/src/components/account/ProfileTab.test.jsx:43:37\n    at runWithExpensiveErrorDiagnosticsDisabled (D:\\VS Code\\Electronic Store\\electronic-store\\frontend\\node_modules\\@testing-library\\dom\\dist\\config.js:47:12)\n    at checkCallback (D:\\VS Code\\Electronic Store\\electronic-store\\frontend\\node_modules\\@testing-library\\dom\\dist\\wait-for.js:124:77)\n    at Timeout.checkRealTimersCallback (D:\\VS Code\\Electronic Store\\electronic-store\\frontend\\node_modules\\@testing-library\\dom\\dist\\wait-for.js:118:16)\n    at listOnTimeout (node:internal/timers:605:17)\n    at processTimers (node:internal/timers:541:7)"],"meta":{},"tags":[]},{"ancestorTitles":["ProfileTab"],"fullName":"ProfileTab saves shipping address","status":"failed","title":"saves shipping address","duration":1603.2154999999984,"failureMessages":["AssertionError: expected \"vi.fn()\" to be called with arguments: [ { address: ObjectContaining{…} } ]\u001b[90m\n\nNumber of calls: \u001b[1m0\u001b[22m\n\u001b[39m\n\nIgnored nodes: comments, script, style\n\u001b[36m<html>\u001b[39m\n  \u001b[36m<head />\u001b[39m\n  \u001b[36m<body>\u001b[39m\n    \u001b[36m<div>\u001b[39m\n      \u001b[36m<div\u001b[39m\n        \u001b[33mclass\u001b[39m=\u001b[32m\"animate-in fade-in duration-300 w-full\"\u001b[39m\n      \u001b[36m>\u001b[39m\n        \u001b[36m<h1\u001b[39m\n          \u001b[33mclass\u001b[39m=\u001b[32m\"text-[32px] font-bold text-[#191c1d] tracking-tight mb-2\"\u001b[39m\n        \u001b[36m>\u001b[39m\n          \u001b[0mAccount Profile\u001b[0m\n        \u001b[36m</h1>\u001b[39m\n        \u001b[36m<p\u001b[39m\n          \u001b[33mclass\u001b[39m=\u001b[32m\"text-[15px] text-gray-500 mb-8\"\u001b[39m\n        \u001b[36m>\u001b[39m\n          \u001b[0mManage your personal information and shipping details.\u001b[0m\n        \u001b[36m</p>\u001b[39m\n        \u001b[36m<div\u001b[39m\n          \u001b[33mclass\u001b[39m=\u001b[32m\"bg-white p-8 rounded-2xl shadow-[0_2px_10px_rgba(0,0,0,0.02)] border border-gray-100 mb-8 w-full\"\u001b[39m\n        \u001b[36m>\u001b[39m\n          \u001b[36m<h2\u001b[39m\n            \u001b[33mclass\u001b[39m=\u001b[32m\"text-[18px] font-bold text-[#191c1d] mb-8 flex items-center\"\u001b[39m\n          \u001b[36m>\u001b[39m\n            \u001b[36m<div\u001b[39m\n              \u001b[33mclass\u001b[39m=\u001b[32m\"w-1.5 h-5 bg-[#0047b3] rounded-full mr-3\"\u001b[39m\n            \u001b[36m/>\u001b[39m\n            \u001b[0mPersonal Details\u001b[0m\n          \u001b[36m</h2>\u001b[39m\n          \u001b[36m<form\u001b[39m\n            \u001b[33mclass\u001b[39m=\u001b[32m\"space-y-6\"\u001b[39m\n          \u001b[36m>\u001b[39m\n            \u001b[36m<div\u001b[39m\n              \u001b[33mclass\u001b[39m=\u001b[32m\"grid grid-cols-1 md:grid-cols-2 gap-6\"\u001b[39m\n            \u001b[36m>\u001b[39m\n              \u001b[36m<div>\u001b[39m\n                \u001b[36m<label\u001b[39m\n                  \u001b[33mclass\u001b[39m=\u001b[32m\"block text-[11px] font-bold text-gray-500 uppercase tracking-widest mb-2\"\u001b[39m\n                \u001b[36m>\u001b[39m\n                  \u001b[0mFirst Name\u001b[0m\n                \u001b[36m</label>\u001b[39m\n                \u001b[36m<input\u001b[39m\n                  \u001b[33mclass\u001b[39m=\u001b[32m\"w-full px-4 py-3 rounded-lg text-[14px] text-[#191c1d] font-medium bg-[#f2f4f7] border-none outline-none focus:ring-2 focus:ring-[#003d9b]/20 transition-all\"\u001b[39m\n                  \u001b[33mname\u001b[39m=\u001b[32m\"firstName\"\u001b[39m\n                  \u001b[33mrequired\u001b[39m=\u001b[32m\"\"\u001b[39m\n                  \u001b[33mvalue\u001b[39m=\u001b[32m\"Jane\"\u001b[39m\n                \u001b[36m/>\u001b[39m\n              \u001b[36m</div>\u001b[39m\n              \u001b[36m<div>\u001b[39m\n                \u001b[36m<label\u001b[39m\n                  \u001b[33mclass\u001b[39m=\u001b[32m\"block text-[11px] font-bold text-gray-500 uppercase tracking-widest mb-2\"\u001b[39m\n                \u001b[36m>\u001b[39m\n                  \u001b[0mLast Name\u001b[0m\n                \u001b[36m</label>\u001b[39m\n                \u001b[36m<input\u001b[39m\n                  \u001b[33mclass\u001b[39m=\u001b[32m\"w-full px-4 py-3 rounded-lg text-[14px] text-[#191c1d] font-medium bg-[#f2f4f7] border-none outline-none focus:ring-2 focus:ring-[#003d9b]/20 transition-all\"\u001b[39m\n                  \u001b[33mname\u001b[39m=\u001b[32m\"lastName\"\u001b[39m\n                  \u001b[33mrequired\u001b[39m=\u001b[32m\"\"\u001b[39m\n                  \u001b[33mvalue\u001b[39m=\u001b[32m\"Doe\"\u001b[39m\n                \u001b[36m/>\u001b[39m\n              \u001b[36m</div>\u001b[39m\n            \u001b[36m</div>\u001b[39m\n            \u001b[36m<div>\u001b[39m\n              \u001b[36m<label\u001b[39m\n                \u001b[33mclass\u001b[39m=\u001b[32m\"block text-[11px] font-bold text-gray-500 uppercase tracking-widest mb-2\"\u001b[39m\n              \u001b[36m>\u001b[39m\n                \u001b[0mEmail Address\u001b[0m\n              \u001b[36m</label>\u001b[39m\n              \u001b[36m<input\u001b[39m\n                \u001b[33mclass\u001b[39m=\u001b[32m\"w-full px-4 py-3 rounded-lg text-[14px] text-[#191c1d] font-medium bg-[#f2f4f7] border-none outline-none focus:ring-2 focus:ring-[#003d9b]/20 transition-all opacity-60 cursor-not-allowed\"\u001b[39m\n                \u001b[33mreadonly\u001b[39m=\u001b[32m\"\"\u001b[39m\n                \u001b[33mvalue\u001b[39m=\u001b[32m\"jane@example.com\"\u001b[39m\n              \u001b[36m/>\u001b[39m\n            \u001b[36m</div>\u001b[39m\n            \u001b[36m<div>\u001b[39m\n              \u001b[36m<label\u001b[39m\n                \u001b[33mclass\u001b[39m=\u001b[32m\"block text-[11px] font-bold text-gray-500 uppercase tracking-widest mb-2\"\u001b[39m\n              \u001b[36m>\u001b[39m\n                \u001b[0mPhone Number\u001b[0m\n              \u001b[36m</label>\u001b[39m\n              \u001b[36m<input\u001b[39m\n                \u001b[33mclass\u001b[39m=\u001b[32m\"w-full px-4 py-3 rounded-lg text-[14px] text-[#191c1d] font-medium bg-[#f2f4f7] border-none outline-none focus:ring-2 focus:ring-[#003d9b]/20 transition-all\"\u001b[39m\n                \u001b[33mname\u001b[39m=\u001b[32m\"phone\"\u001b[39m\n                \u001b[33mvalue\u001b[39m=\u001b[32m\"555\"\u001b[39m\n              \u001b[36m/>\u001b[39m\n            \u001b[36m</div>\u001b[39m\n            \u001b[36m<div\u001b[39m\n              \u001b[33mclass\u001b[39m=\u001b[32m\"pt-6 mt-6 border-t border-gray-100 flex justify-end\"\u001b[39m\n            \u001b[36m>\u001b[39m\n              \u001b[36m<button\u001b[39m\n                \u001b[33mclass\u001b[39m=\u001b[32m\"bg-[#0047b3] text-white px-8 py-3 rounded-lg font-bold text-[14px] hover:bg-[#00368a] transition-colors disabled:opacity-50\"\u001b[39m\n                \u001b[33mtype\u001b[39m=\u001b[32m\"submit\"\u001b[39m\n              \u001b[36m>\u001b[39m\n                \u001b[0mSave Changes\u001b[0m\n              \u001b[36m</button>\u001b[39m\n            \u001b[36m</div>\u001b[39m\n          \u001b[36m</form>\u001b[39m\n        \u001b[36m</div>\u001b[39m\n        \u001b[36m<div\u001b[39m\n          \u001b[33mclass\u001b[39m=\u001b[32m\"bg-[#f8f9fa] p-8 rounded-2xl border border-gray-100 w-full\"\u001b[39m\n        \u001b[36m>\u001b[39m\n          \u001b[36m<div\u001b[39m\n            \u001b[33mclass\u001b[39m=\u001b[32m\"flex items-center justify-between mb-6\"\u001b[39m\n          \u001b[36m>\u001b[39m\n            \u001b[36m<h2\u001b[39m\n              \u001b[33mclass\u001b[39m=\u001b[32m\"text-[18px] font-bold text-[#191c1d] flex items-center\"\u001b[39m\n            \u001b[36m>\u001b[39m\n              \u001b[36m<div\u001b[39m\n                \u001b[33mclass\u001b[39m=\u001b[32m\"w-1.5 h-5 bg-[#0047b3] rounded-full mr-3\"\u001b[39m\n              \u001b[36m/>\u001b[39m\n              \u001b[0mDefault Shipping Address\u001b[0m\n            \u001b[36m</h2>\u001b[39m\n          \u001b[36m</div>\u001b[39m\n          \u001b[36m<form\u001b[39m\n            \u001b[33mclass\u001b[39m=\u001b[32m\"bg-white p-6 rounded-xl shadow-sm border border-gray-100 space-y-4\"\u001b[39m\n          \u001b[36m>\u001b[39m\n            \u001b[36m<div>\u001b[39m\n              \u001b[36m<label\u001b[39m\n                \u001b[33mclass\u001b[39m=\u001b[32m\"block text-[11px] font-bold text-gray-500 uppercase tracking-widest mb-2\"\u001b[39m\n              \u001b[36m>\u001b[39m\n                \u001b[0mStreet Address\u001b[0m\n              \u001b[36m</label>\u001b[39m\n              \u001b[36m<input\u001b[39m\n                \u001b[33mclass\u001b[39m=\u001b[32m\"w-full px-4 py-3 rounded-lg text-[14px] text-[#191c1d] font-medium bg-[#f2f4f7] border-none outline-none focus:ring-2 focus:ring-[#003d9b]/20 transition-all\"\u001b[39m\n                \u001b[33mname\u001b[39m=\u001b[32m\"street\"\u001b[39m\n                \u001b[33mplaceholder\u001b[39m=\u001b[32m\"123 Main St\"\u001b[39m\n                \u001b[33mrequired\u001b[39m=\u001b[32m\"\"\u001b[39m\n                \u001b[33mvalue\u001b[39m=\u001b[32m\"\"\u001b[39m\n              \u001b[36m/>\u001b[39m\n            \u001b[36m</div>\u001b[39m\n            \u001b[36m<div\u001b[39m\n              \u001b[33mclass\u001b[39m=\u001b[32m\"grid grid-cols-2 md:grid-cols-3 gap-4\"\u001b[39m\n            \u001b[36m>\u001b[39m\n              \u001b[36m<div\u001b[39m\n                \u001b[33mclass\u001b[39m=\u001b[32m\"col-span-2 md:col-span-1\"\u001b[39m\n              \u001b[36m>\u001b[39m\n                \u001b[36m<label\u001b[39m\n                  \u001b[33mclass\u001b[39m=\u001b[32m\"block text-[11px] font-bold text-gray-500 uppercase tracking-widest mb-2\"\u001b[39m\n                \u001b[36m>\u001b[39m\n                  \u001b[0mCity\u001b[0m\n                \u001b[36m</label>\u001b[39m\n                \u001b[36m<input\u001b[39m\n                  \u001b[33mclass\u001b[39m=\u001b[32m\"w-full px-4 py-3 rounded-lg text-[14px] text-[#191c1d] font-medium bg-[#f2f4f7] border-none outline-none focus:ring-2 focus:ring-[#003d9b]/20 transition-all\"\u001b[39m\n                  \u001b[33mname\u001b[39m=\u001b[32m\"city\"\u001b[39m\n                  \u001b[33mplaceholder\u001b[39m=\u001b[32m\"Phnom Penh\"\u001b[39m\n                  \u001b[33mrequired\u001b[39m=\u001b[32m\"\"\u001b[39m\n                  \u001b[33mvalue\u001b[39m=\u001b[32m\"\"\u001b[39m\n                \u001b[36m/>\u001b[39m\n              \u001b[36m</div>\u001b[39m\n              \u001b[36m<div>\u001b[39m\n                \u001b[36m<label\u001b[39m\n                  \u001b[33mclass\u001b[39m=\u001b[32m\"block text-[11px] font-bold text-gray-500 uppercase tracking-widest mb-2\"\u001b[39m\n                \u001b[36m>\u001b[39m\n                  \u001b[0mState/Province\u001b[0m\n                \u001b[36m</label>\u001b[39m\n                \u001b[36m<input\u001b[39m\n                  \u001b[33mclass\u001b[39m=\u001b[32m\"w-full px-4 py-3 rounded-lg text-[14px] text-[#191c1d] font-medium bg-[#f2f4f7] border-none outline-none focus:ring-2 focus:ring-[#003d9b]/20 transition-all\"\u001b[39m\n                  \u001b[33mname\u001b[39m=\u001b[32m\"state\"\u001b[39m\n                  \u001b[33mplaceholder\u001b[39m=\u001b[32m\"PP\"\u001b[39m\n                  \u001b[33mvalue\u001b[39m=\u001b[32m\"\"\u001b[39m\n                \u001b[36m/>\u001b[39m\n              \u001b[36m</div>\u001b[39m\n              \u001b[36m<div>\u001b[39m\n                \u001b[36m<label\u001b[39m\n                  \u001b[33mclass\u001b[39m=\u001b[32m\"block text-[11px] font-bold text-gray-500 uppercase tracking-widest mb-2\"\u001b[39m\n                \u001b[36m>\u001b[39m\n                  \u001b[0mZip Code\u001b[0m\n                \u001b[36m</label>\u001b[39m\n                \u001b[36m<input\u001b[39m\n                  \u001b[33mclass\u001b[39m=\u001b[32m\"w-full px-4 py-3 rounded-lg text-[14px] text-[#191c1d] font-medium bg-[#f2f4f7] border-none outline-none focus:ring-2 focus:ring-[#003d9b]/20 transition-all\"\u001b[39m\n                  \u001b[33mname\u001b[39m=\u001b[32m\"zipCode\"\u001b[39m\n                  \u001b[33mplaceholder\u001b[39m=\u001b[32m\"12000\"\u001b[39m\n                  \u001b[33mvalue\u001b[39m=\u001b[32m\"\"\u001b[39m\n                \u001b[36m/>\u001b[39m\n              \u001b[36m</div>\u001b[39m\n            \u001b[36m</div>\u001b[39m\n            \u001b[36m<div\u001b[39m\n              \u001b[33mclass\u001b[39m=\u001b[32m\"pt-4 flex justify-end gap-3\"\u001b[39m\n            \u001b[36m>\u001b[39m\n              \u001b[36m<button\u001b[39m\n                \u001b[33mclass\u001b[39m=\u001b[32m\"cursor-pointer px-4 py-2 text-[14px] font-bold text-gray-500 hover:text-gray-800 transition-colors\"\u001b[39m\n                \u001b[33mtype\u001b[39m=\u001b[32m\"button\"\u001b[39m\n              \u001b[36m>\u001b[39m\n                \u001b[0mCancel\u001b[0m\n              \u001b[36m</button>\u001b[39m\n              \u001b[36m<button\u001b[39m\n                \u001b[33mclass\u001b[39m=\u001b[32m\"cursor-pointer flex items-center gap-2 bg-[#0047b3] text-white px-6 py-2 rounded-lg font-bold text-[14px] hover:bg-[#00368a] transition-colors disabled:opacity-50\"\u001b[39m\n                \u001b[33mtype\u001b[39m=\u001b[32m\"submit\"\u001b[39m\n              \u001b[36m>\u001b[39m\n                \u001b[36m<svg\u001b[39m\n                  \u001b[33maria-hidden\u001b[39m=\u001b[32m\"true\"\u001b[39m\n                  \u001b[33mclass\u001b[39m=\u001b[32m\"lucide lucide-check\"\u001b[39m\n                  \u001b[33mfill\u001b[39m=\u001b[32m\"none\"\u001b[39m\n                  \u001b[33mheight\u001b[39m=\u001b[32m\"16\"\u001b[39m\n                  \u001b[33mstroke\u001b[39m=\u001b[32m\"currentColor\"\u001b[39m\n                  \u001b[33mstroke-linecap\u001b[39m=\u001b[32m\"round\"\u001b[39m\n                  \u001b[33mstroke-linejoin\u001b[39m=\u001b[32m\"round\"\u001b[39m\n                  \u001b[33mstroke-width\u001b[39m=\u001b[32m\"2\"\u001b[39m\n                  \u001b[33mviewBox\u001b[39m=\u001b[32m\"0 0 24 24\"\u001b[39m\n                  \u001b[33mwidth\u001b[39m=\u001b[32m\"16\"\u001b[39m\n                  \u001b[33mxmlns\u001b[39m=\u001b[32m\"http://www.w3.org/2000/svg\"\u001b[39m\n                \u001b[36m>\u001b[39m\n                  \u001b[36m<path\u001b[39m\n                    \u001b[33md\u001b[39m=\u001b[32m\"M20 6 9 17l-5-5\"\u001b[39m\n                  \u001b[36m/>\u001b[39m\n                \u001b[36m</svg>\u001b[39m\n                \u001b[0m Save Address\u001b[0m\n              \u001b[36m</button>\u001b[39m\n            \u001b[36m</div>\u001b[39m\n          \u001b[36m</form>\u001b[39m\n        \u001b[36m</div>\u001b[39m\n      \u001b[36m</div>\u001b[39m\n    \u001b[36m</div>\u001b[39m\n  \u001b[36m</body>\u001b[39m\n\u001b[36m</html>\u001b[39m\n    at Proxy.<anonymous> (file:///D:/VS%20Code/Electronic%20Store/electronic-store/frontend/node_modules/@vitest/expect/dist/index.js:1487:10)\n    at Proxy.<anonymous> (file:///D:/VS%20Code/Electronic%20Store/electronic-store/frontend/node_modules/@vitest/expect/dist/index.js:1156:15)\n    at Proxy.methodWrapper (file:///D:/VS%20Code/Electronic%20Store/electronic-store/frontend/node_modules/chai/index.js:1700:25)\n    at D:/VS Code/Electronic Store/electronic-store/frontend/src/components/account/ProfileTab.test.jsx:71:37\n    at runWithExpensiveErrorDiagnosticsDisabled (D:\\VS Code\\Electronic Store\\electronic-store\\frontend\\node_modules\\@testing-library\\dom\\dist\\config.js:47:12)\n    at checkCallback (D:\\VS Code\\Electronic Store\\electronic-store\\frontend\\node_modules\\@testing-library\\dom\\dist\\wait-for.js:124:77)\n    at Timeout.checkRealTimersCallback (D:\\VS Code\\Electronic Store\\electronic-store\\frontend\\node_modules\\@testing-library\\dom\\dist\\wait-for.js:118:16)\n    at listOnTimeout (node:internal/timers:605:17)\n    at processTimers (node:internal/timers:541:7)"],"meta":{},"tags":[]}],"startTime":1776585712797,"endTime":1776585716189.2156,"status":"failed","message":"","name":"D:/VS Code/Electronic Store/electronic-store/frontend/src/components/account/ProfileTab.test.jsx"}]}