{"numTotalTestSuites":4,"numPassedTestSuites":0,"numFailedTestSuites":4,"numPendingTestSuites":0,"numTotalTests":4,"numPassedTests":1,"numFailedTests":3,"numPendingTests":0,"numTodoTests":0,"snapshot":{"added":0,"failure":false,"filesAdded":0,"filesRemoved":0,"filesRemovedList":[],"filesUnmatched":0,"filesUpdated":0,"matched":0,"total":0,"unchecked":0,"uncheckedKeysByFile":[],"unmatched":0,"updated":0,"didUpdate":false},"startTime":1776585750061,"success":false,"testResults":[{"assertionResults":[{"ancestorTitles":["AccountPage"],"fullName":"AccountPage redirects to login when token is missing","status":"failed","title":"redirects to login when token is missing","duration":1038.7005,"failureMessages":["Error: Unable to find an element with the text: Login Page. This could be because the text is broken up by multiple elements. In this case, you can provide a function for your text matcher to make your matcher more flexible.\n\nIgnored nodes: comments, script, style\n\u001b[36m<body>\u001b[39m\n  \u001b[36m<div>\u001b[39m\n    \u001b[36m<div\u001b[39m\n      \u001b[33mclass\u001b[39m=\u001b[32m\"min-h-screen bg-[#fafafb] font-sans pt-10 pb-10\"\u001b[39m\n    \u001b[36m>\u001b[39m\n      \u001b[36m<div\u001b[39m\n        \u001b[33mclass\u001b[39m=\u001b[32m\"w-full mx-auto px-4 sm:px-6 lg:px-8 xl:px-12 2xl:px-24 flex flex-col md:flex-row gap-10\"\u001b[39m\n      \u001b[36m>\u001b[39m\n        \u001b[36m<div>\u001b[39m\n          \u001b[36m<div>\u001b[39m\n            \u001b[0mSidebar\u001b[0m\n          \u001b[36m</div>\u001b[39m\n          \u001b[36m<button\u001b[39m\n            \u001b[33mtype\u001b[39m=\u001b[32m\"button\"\u001b[39m\n          \u001b[36m>\u001b[39m\n            \u001b[0mSwitch Tab\u001b[0m\n          \u001b[36m</button>\u001b[39m\n          \u001b[36m<button\u001b[39m\n            \u001b[33mtype\u001b[39m=\u001b[32m\"button\"\u001b[39m\n          \u001b[36m>\u001b[39m\n            \u001b[0mLogout\u001b[0m\n          \u001b[36m</button>\u001b[39m\n          \u001b[36m<div>\u001b[39m\n            \u001b[0mprofile\u001b[0m\n          \u001b[36m</div>\u001b[39m\n        \u001b[36m</div>\u001b[39m\n        \u001b[36m<div\u001b[39m\n          \u001b[33mclass\u001b[39m=\u001b[32m\"flex-1\"\u001b[39m\n        \u001b[36m>\u001b[39m\n          \u001b[36m<div>\u001b[39m\n            \u001b[0mProfile: \u001b[0m\n          \u001b[36m</div>\u001b[39m\n        \u001b[36m</div>\u001b[39m\n      \u001b[36m</div>\u001b[39m\n    \u001b[36m</div>\u001b[39m\n  \u001b[36m</div>\u001b[39m\n\u001b[36m</body>\u001b[39m\n    at waitForWrapper (D:\\VS Code\\Electronic Store\\electronic-store\\frontend\\node_modules\\@testing-library\\dom\\dist\\wait-for.js:163:27)\n    at D:\\VS Code\\Electronic Store\\electronic-store\\frontend\\node_modules\\@testing-library\\dom\\dist\\query-helpers.js:86:33\n    at D:/VS Code/Electronic Store/electronic-store/frontend/src/pages/AccountPage.test.jsx:56:25\n    at file:///D:/VS%20Code/Electronic%20Store/electronic-store/frontend/node_modules/@vitest/runner/dist/chunk-artifact.js:302:11\n    at file:///D:/VS%20Code/Electronic%20Store/electronic-store/frontend/node_modules/@vitest/runner/dist/chunk-artifact.js:1903:26\n    at file:///D:/VS%20Code/Electronic%20Store/electronic-store/frontend/node_modules/@vitest/runner/dist/chunk-artifact.js:2326:20\n    at new Promise (<anonymous>)\n    at runWithCancel (file:///D:/VS%20Code/Electronic%20Store/electronic-store/frontend/node_modules/@vitest/runner/dist/chunk-artifact.js:2323:10)\n    at file:///D:/VS%20Code/Electronic%20Store/electronic-store/frontend/node_modules/@vitest/runner/dist/chunk-artifact.js:2305:20\n    at new Promise (<anonymous>)"],"meta":{},"tags":[]},{"ancestorTitles":["AccountPage"],"fullName":"AccountPage loads the profile and renders the profile tab","status":"passed","title":"loads the profile and renders the profile tab","duration":21.47990000000027,"failureMessages":[],"meta":{},"tags":[]}],"startTime":1776585753766,"endTime":1776585754826.48,"status":"failed","message":"","name":"D:/VS Code/Electronic Store/electronic-store/frontend/src/pages/AccountPage.test.jsx"},{"assertionResults":[{"ancestorTitles":["ProfileTab"],"fullName":"ProfileTab updates profile details","status":"failed","title":"updates profile details","duration":1564.0739999999996,"failureMessages":["AssertionError: expected \"vi.fn()\" to be called with arguments: [ { firstName: 'Janet', …(2) } ]\u001b[90m\n\nReceived:\n\n\u001b[1m  1st vi.fn() call:\n\n\u001b[22m\u001b[2m  [\u001b[22m\n\u001b[2m    {\u001b[22m\n\u001b[32m-     \"firstName\": \"Janet\",\u001b[90m\n\u001b[32m-     \"lastName\": \"Smith\",\u001b[90m\n\u001b[31m+     \"firstName\": \"Jane\",\u001b[90m\n\u001b[31m+     \"lastName\": \"Doe\",\u001b[90m\n\u001b[2m      \"phone\": \"555\",\u001b[22m\n\u001b[2m    },\u001b[22m\n\u001b[2m  ]\u001b[22m\n\u001b[39m\u001b[90m\n\nNumber of calls: \u001b[1m1\u001b[22m\n\u001b[39m\n\nIgnored nodes: comments, script, style\n\u001b[36m<html>\u001b[39m\n  \u001b[36m<head />\u001b[39m\n  \u001b[36m<body>\u001b[39m\n    \u001b[36m<div>\u001b[39m\n      \u001b[36m<div\u001b[39m\n        \u001b[33mclass\u001b[39m=\u001b[32m\"animate-in fade-in duration-300 w-full\"\u001b[39m\n      \u001b[36m>\u001b[39m\n        \u001b[36m<div\u001b[39m\n          \u001b[33mclass\u001b[39m=\u001b[32m\"p-4 mb-6 rounded-lg font-bold w-full bg-green-50 text-green-700\"\u001b[39m\n        \u001b[36m>\u001b[39m\n          \u001b[0mProfile updated successfully!\u001b[0m\n        \u001b[36m</div>\u001b[39m\n        \u001b[36m<h1\u001b[39m\n          \u001b[33mclass\u001b[39m=\u001b[32m\"text-[32px] font-bold text-[#191c1d] tracking-tight mb-2\"\u001b[39m\n        \u001b[36m>\u001b[39m\n          \u001b[0mAccount Profile\u001b[0m\n        \u001b[36m</h1>\u001b[39m\n        \u001b[36m<p\u001b[39m\n          \u001b[33mclass\u001b[39m=\u001b[32m\"text-[15px] text-gray-500 mb-8\"\u001b[39m\n        \u001b[36m>\u001b[39m\n          \u001b[0mManage your personal information and shipping details.\u001b[0m\n        \u001b[36m</p>\u001b[39m\n        \u001b[36m<div\u001b[39m\n          \u001b[33mclass\u001b[39m=\u001b[32m\"bg-white p-8 rounded-2xl shadow-[0_2px_10px_rgba(0,0,0,0.02)] border border-gray-100 mb-8 w-full\"\u001b[39m\n        \u001b[36m>\u001b[39m\n          \u001b[36m<h2\u001b[39m\n            \u001b[33mclass\u001b[39m=\u001b[32m\"text-[18px] font-bold text-[#191c1d] mb-8 flex items-center\"\u001b[39m\n          \u001b[36m>\u001b[39m\n            \u001b[36m<div\u001b[39m\n              \u001b[33mclass\u001b[39m=\u001b[32m\"w-1.5 h-5 bg-[#0047b3] rounded-full mr-3\"\u001b[39m\n            \u001b[36m/>\u001b[39m\n            \u001b[0mPersonal Details\u001b[0m\n          \u001b[36m</h2>\u001b[39m\n          \u001b[36m<form\u001b[39m\n            \u001b[33mclass\u001b[39m=\u001b[32m\"space-y-6\"\u001b[39m\n          \u001b[36m>\u001b[39m\n            \u001b[36m<div\u001b[39m\n              \u001b[33mclass\u001b[39m=\u001b[32m\"grid grid-cols-1 md:grid-cols-2 gap-6\"\u001b[39m\n            \u001b[36m>\u001b[39m\n              \u001b[36m<div>\u001b[39m\n                \u001b[36m<label\u001b[39m\n                  \u001b[33mclass\u001b[39m=\u001b[32m\"block text-[11px] font-bold text-gray-500 uppercase tracking-widest mb-2\"\u001b[39m\n                \u001b[36m>\u001b[39m\n                  \u001b[0mFirst Name\u001b[0m\n                \u001b[36m</label>\u001b[39m\n                \u001b[36m<input\u001b[39m\n                  \u001b[33mclass\u001b[39m=\u001b[32m\"w-full px-4 py-3 rounded-lg text-[14px] text-[#191c1d] font-medium bg-[#f2f4f7] border-none outline-none focus:ring-2 focus:ring-[#003d9b]/20 transition-all\"\u001b[39m\n                  \u001b[33mname\u001b[39m=\u001b[32m\"firstName\"\u001b[39m\n                  \u001b[33mrequired\u001b[39m=\u001b[32m\"\"\u001b[39m\n                  \u001b[33mvalue\u001b[39m=\u001b[32m\"Jane\"\u001b[39m\n                \u001b[36m/>\u001b[39m\n              \u001b[36m</div>\u001b[39m\n              \u001b[36m<div>\u001b[39m\n                \u001b[36m<label\u001b[39m\n                  \u001b[33mclass\u001b[39m=\u001b[32m\"block text-[11px] font-bold text-gray-500 uppercase tracking-widest mb-2\"\u001b[39m\n                \u001b[36m>\u001b[39m\n                  \u001b[0mLast Name\u001b[0m\n                \u001b[36m</label>\u001b[39m\n                \u001b[36m<input\u001b[39m\n                  \u001b[33mclass\u001b[39m=\u001b[32m\"w-full px-4 py-3 rounded-lg text-[14px] text-[#191c1d] font-medium bg-[#f2f4f7] border-none outline-none focus:ring-2 focus:ring-[#003d9b]/20 transition-all\"\u001b[39m\n                  \u001b[33mname\u001b[39m=\u001b[32m\"lastName\"\u001b[39m\n                  \u001b[33mrequired\u001b[39m=\u001b[32m\"\"\u001b[39m\n                  \u001b[33mvalue\u001b[39m=\u001b[32m\"Doe\"\u001b[39m\n                \u001b[36m/>\u001b[39m\n              \u001b[36m</div>\u001b[39m\n            \u001b[36m</div>\u001b[39m\n            \u001b[36m<div>\u001b[39m\n              \u001b[36m<label\u001b[39m\n                \u001b[33mclass\u001b[39m=\u001b[32m\"block text-[11px] font-bold text-gray-500 uppercase tracking-widest mb-2\"\u001b[39m\n              \u001b[36m>\u001b[39m\n                \u001b[0mEmail Address\u001b[0m\n              \u001b[36m</label>\u001b[39m\n              \u001b[36m<input\u001b[39m\n                \u001b[33mclass\u001b[39m=\u001b[32m\"w-full px-4 py-3 rounded-lg text-[14px] text-[#191c1d] font-medium bg-[#f2f4f7] border-none outline-none focus:ring-2 focus:ring-[#003d9b]/20 transition-all opacity-60 cursor-not-allowed\"\u001b[39m\n                \u001b[33mreadonly\u001b[39m=\u001b[32m\"\"\u001b[39m\n                \u001b[33mvalue\u001b[39m=\u001b[32m\"jane@example.com\"\u001b[39m\n              \u001b[36m/>\u001b[39m\n            \u001b[36m</div>\u001b[39m\n            \u001b[36m<div>\u001b[39m\n              \u001b[36m<label\u001b[39m\n                \u001b[33mclass\u001b[39m=\u001b[32m\"block text-[11px] font-bold text-gray-500 uppercase tracking-widest mb-2\"\u001b[39m\n              \u001b[36m>\u001b[39m\n                \u001b[0mPhone Number\u001b[0m\n              \u001b[36m</label>\u001b[39m\n              \u001b[36m<input\u001b[39m\n                \u001b[33mclass\u001b[39m=\u001b[32m\"w-full px-4 py-3 rounded-lg text-[14px] text-[#191c1d] font-medium bg-[#f2f4f7] border-none outline-none focus:ring-2 focus:ring-[#003d9b]/20 transition-all\"\u001b[39m\n                \u001b[33mname\u001b[39m=\u001b[32m\"phone\"\u001b[39m\n                \u001b[33mvalue\u001b[39m=\u001b[32m\"555\"\u001b[39m\n              \u001b[36m/>\u001b[39m\n            \u001b[36m</div>\u001b[39m\n            \u001b[36m<div\u001b[39m\n              \u001b[33mclass\u001b[39m=\u001b[32m\"pt-6 mt-6 border-t border-gray-100 flex justify-end\"\u001b[39m\n            \u001b[36m>\u001b[39m\n              \u001b[36m<button\u001b[39m\n                \u001b[33mclass\u001b[39m=\u001b[32m\"bg-[#0047b3] text-white px-8 py-3 rounded-lg font-bold text-[14px] hover:bg-[#00368a] transition-colors disabled:opacity-50\"\u001b[39m\n                \u001b[33mtype\u001b[39m=\u001b[32m\"submit\"\u001b[39m\n              \u001b[36m>\u001b[39m\n                \u001b[0mSave Changes\u001b[0m\n              \u001b[36m</button>\u001b[39m\n            \u001b[36m</div>\u001b[39m\n          \u001b[36m</form>\u001b[39m\n        \u001b[36m</div>\u001b[39m\n        \u001b[36m<div\u001b[39m\n          \u001b[33mclass\u001b[39m=\u001b[32m\"bg-[#f8f9fa] p-8 rounded-2xl border border-gray-100 w-full\"\u001b[39m\n        \u001b[36m>\u001b[39m\n          \u001b[36m<div\u001b[39m\n            \u001b[33mclass\u001b[39m=\u001b[32m\"flex items-center justify-between mb-6\"\u001b[39m\n          \u001b[36m>\u001b[39m\n            \u001b[36m<h2\u001b[39m\n              \u001b[33mclass\u001b[39m=\u001b[32m\"text-[18px] font-bold text-[#191c1d] flex items-center\"\u001b[39m\n            \u001b[36m>\u001b[39m\n              \u001b[36m<div\u001b[39m\n                \u001b[33mclass\u001b[39m=\u001b[32m\"w-1.5 h-5 bg-[#0047b3] rounded-full mr-3\"\u001b[39m\n              \u001b[36m/>\u001b[39m\n              \u001b[0mDefault Shipping Address\u001b[0m\n            \u001b[36m</h2>\u001b[39m\n            \u001b[36m<button\u001b[39m\n              \u001b[33mclass\u001b[39m=\u001b[32m\"cursor-pointer flex items-center gap-1 text-[12px] font-bold text-[#0047b3] uppercase tracking-widest hover:underline\"\u001b[39m\n            \u001b[36m>\u001b[39m\n              \u001b[36m<svg\u001b[39m\n                \u001b[33maria-hidden\u001b[39m=\u001b[32m\"true\"\u001b[39m\n                \u001b[33mclass\u001b[39m=\u001b[32m\"lucide lucide-pen\"\u001b[39m\n                \u001b[33mfill\u001b[39m=\u001b[32m\"none\"\u001b[39m\n                \u001b[33mheight\u001b[39m=\u001b[32m\"14\"\u001b[39m\n                \u001b[33mstroke\u001b[39m=\u001b[32m\"currentColor\"\u001b[39m\n                \u001b[33mstroke-linecap\u001b[39m=\u001b[32m\"round\"\u001b[39m\n                \u001b[33mstroke-linejoin\u001b[39m=\u001b[32m\"round\"\u001b[39m\n                \u001b[33mstroke-width\u001b[39m=\u001b[32m\"2\"\u001b[39m\n                \u001b[33mviewBox\u001b[39m=\u001b[32m\"0 0 24 24\"\u001b[39m\n                \u001b[33mwidth\u001b[39m=\u001b[32m\"14\"\u001b[39m\n                \u001b[33mxmlns\u001b[39m=\u001b[32m\"http://www.w3.org/2000/svg\"\u001b[39m\n              \u001b[36m>\u001b[39m\n                \u001b[36m<path\u001b[39m\n                  \u001b[33md\u001b[39m=\u001b[32m\"M21.174 6.812a1 1 0 0 0-3.986-3.987L3.842 16.174a2 2 0 0 0-.5.83l-1.321 4.352a.5.5 0 0 0 .623.622l4.353-1.32a2 2 0 0 0 .83-.497z\"\u001b[39m\n                \u001b[36m/>\u001b[39m\n              \u001b[36m</svg>\u001b[39m\n              \u001b[0m Edit\u001b[0m\n            \u001b[36m</button>\u001b[39m\n          \u001b[36m</div>\u001b[39m\n          \u001b[36m<div\u001b[39m\n            \u001b[33mclass\u001b[39m=\u001b[32m\"bg-white p-6 rounded-xl flex items-start gap-4 shadow-sm border border-gray-50\"\u001b[39m\n          \u001b[36m>\u001b[39m\n            \u001b[36m<div\u001b[39m\n              \u001b[33mclass\u001b[39m=\u001b[32m\"w-8 h-8 rounded-full bg-[#0047b3]/10 text-[#0047b3] flex items-center justify-center flex-shrink-0 mt-1\"\u001b[39m\n            \u001b[36m>\u001b[39m\n              \u001b[36m<svg\u001b[39m\n                \u001b[33maria-hidden\u001b[39m=\u001b[32m\"true\"\u001b[39m\n                \u001b[33mclass\u001b[39m=\u001b[32m\"lucide lucide-map-pin\"\u001b[39m\n                \u001b[33mfill\u001b[39m=\u001b[32m\"none\"\u001b[39m\n                \u001b[33mheight\u001b[39m=\u001b[32m\"16\"\u001b[39m\n                \u001b[33mstroke\u001b[39m=\u001b[32m\"currentColor\"\u001b[39m\n                \u001b[33mstroke-linecap\u001b[39m=\u001b[32m\"round\"\u001b[39m\n                \u001b[33mstroke-linejoin\u001b[39m=\u001b[32m\"round\"\u001b[39m\n                \u001b[33mstroke-width\u001b[39m=\u001b[32m\"2\"\u001b[39m\n                \u001b[33mviewBox\u001b[39m=\u001b[32m\"0 0 24 24\"\u001b[39m\n                \u001b[33mwidth\u001b[39m=\u001b[32m\"16\"\u001b[39m\n                \u001b[33mxmlns\u001b[39m=\u001b[32m\"http://www.w3.org/2000/svg\"\u001b[39m\n              \u001b[36m>\u001b[39m\n                \u001b[36m<path\u001b[39m\n                  \u001b[33md\u001b[39m=\u001b[32m\"M20 10c0 4.993-5.539 10.193-7.399 11.799a1 1 0 0 1-1.202 0C9.539 20.193 4 14.993 4 10a8 8 0 0 1 16 0\"\u001b[39m\n                \u001b[36m/>\u001b[39m\n                \u001b[36m<circle\u001b[39m\n                  \u001b[33mcx\u001b[39m=\u001b[32m\"12\"\u001b[39m\n                  \u001b[33mcy\u001b[39m=\u001b[32m\"10\"\u001b[39m\n                  \u001b[33mr\u001b[39m=\u001b[32m\"3\"\u001b[39m\n                \u001b[36m/>\u001b[39m\n              \u001b[36m</svg>\u001b[39m\n            \u001b[36m</div>\u001b[39m\n            \u001b[36m<div>\u001b[39m\n              \u001b[36m<h3\u001b[39m\n                \u001b[33mclass\u001b[39m=\u001b[32m\"text-[14px] font-bold text-[#191c1d] mb-1\"\u001b[39m\n              \u001b[36m>\u001b[39m\n                \u001b[0mPrimary Destination\u001b[0m\n              \u001b[36m</h3>\u001b[39m\n              \u001b[36m<p\u001b[39m\n                \u001b[33mclass\u001b[39m=\u001b[32m\"text-[14px] text-gray-400 italic\"\u001b[39m\n              \u001b[36m>\u001b[39m\n                \u001b[0mNo default address saved yet. Click Edit to add one.\u001b[0m\n              \u001b[36m</p>\u001b[39m\n            \u001b[36m</div>\u001b[39m\n          \u001b[36m</div>\u001b[39m\n        \u001b[36m</div>\u001b[39m\n      \u001b[36m</div>\u001b[39m\n    \u001b[36m</div>\u001b[39m\n  \u001b[36m</body>\u001b[39m\n\u001b[36m</html>\u001b[39m\n    at Proxy.<anonymous> (file:///D:/VS%20Code/Electronic%20Store/electronic-store/frontend/node_modules/@vitest/expect/dist/index.js:1487:10)\n    at Proxy.<anonymous> (file:///D:/VS%20Code/Electronic%20Store/electronic-store/frontend/node_modules/@vitest/expect/dist/index.js:1156:15)\n    at Proxy.methodWrapper (file:///D:/VS%20Code/Electronic%20Store/electronic-store/frontend/node_modules/chai/index.js:1700:25)\n    at D:/VS Code/Electronic Store/electronic-store/frontend/src/components/account/ProfileTab.test.jsx:43:37\n    at runWithExpensiveErrorDiagnosticsDisabled (D:\\VS Code\\Electronic Store\\electronic-store\\frontend\\node_modules\\@testing-library\\dom\\dist\\config.js:47:12)\n    at checkCallback (D:\\VS Code\\Electronic Store\\electronic-store\\frontend\\node_modules\\@testing-library\\dom\\dist\\wait-for.js:124:77)\n    at Timeout.checkRealTimersCallback (D:\\VS Code\\Electronic Store\\electronic-store\\frontend\\node_modules\\@testing-library\\dom\\dist\\wait-for.js:118:16)\n    at listOnTimeout (node:internal/timers:605:17)\n    at processTimers (node:internal/timers:541:7)"],"meta":{},"tags":[]},{"ancestorTitles":["ProfileTab"],"fullName":"ProfileTab saves shipping address","status":"failed","title":"saves shipping address","duration":1555.107,"failureMessages":["AssertionError: expected \"vi.fn()\" to be called with arguments: [ { address: ObjectContaining{…} } ]\u001b[90m\n\nNumber of calls: \u001b[1m0\u001b[22m\n\u001b[39m\n\nIgnored nodes: comments, script, style\n\u001b[36m<html>\u001b[39m\n  \u001b[36m<head />\u001b[39m\n  \u001b[36m<body>\u001b[39m\n    \u001b[36m<div>\u001b[39m\n      \u001b[36m<div\u001b[39m\n        \u001b[33mclass\u001b[39m=\u001b[32m\"animate-in fade-in duration-300 w-full\"\u001b[39m\n      \u001b[36m>\u001b[39m\n        \u001b[36m<h1\u001b[39m\n          \u001b[33mclass\u001b[39m=\u001b[32m\"text-[32px] font-bold text-[#191c1d] tracking-tight mb-2\"\u001b[39m\n        \u001b[36m>\u001b[39m\n          \u001b[0mAccount Profile\u001b[0m\n        \u001b[36m</h1>\u001b[39m\n        \u001b[36m<p\u001b[39m\n          \u001b[33mclass\u001b[39m=\u001b[32m\"text-[15px] text-gray-500 mb-8\"\u001b[39m\n        \u001b[36m>\u001b[39m\n          \u001b[0mManage your personal information and shipping details.\u001b[0m\n        \u001b[36m</p>\u001b[39m\n        \u001b[36m<div\u001b[39m\n          \u001b[33mclass\u001b[39m=\u001b[32m\"bg-white p-8 rounded-2xl shadow-[0_2px_10px_rgba(0,0,0,0.02)] border border-gray-100 mb-8 w-full\"\u001b[39m\n        \u001b[36m>\u001b[39m\n          \u001b[36m<h2\u001b[39m\n            \u001b[33mclass\u001b[39m=\u001b[32m\"text-[18px] font-bold text-[#191c1d] mb-8 flex items-center\"\u001b[39m\n          \u001b[36m>\u001b[39m\n            \u001b[36m<div\u001b[39m\n              \u001b[33mclass\u001b[39m=\u001b[32m\"w-1.5 h-5 bg-[#0047b3] rounded-full mr-3\"\u001b[39m\n            \u001b[36m/>\u001b[39m\n            \u001b[0mPersonal Details\u001b[0m\n          \u001b[36m</h2>\u001b[39m\n          \u001b[36m<form\u001b[39m\n            \u001b[33mclass\u001b[39m=\u001b[32m\"space-y-6\"\u001b[39m\n          \u001b[36m>\u001b[39m\n            \u001b[36m<div\u001b[39m\n              \u001b[33mclass\u001b[39m=\u001b[32m\"grid grid-cols-1 md:grid-cols-2 gap-6\"\u001b[39m\n            \u001b[36m>\u001b[39m\n              \u001b[36m<div>\u001b[39m\n                \u001b[36m<label\u001b[39m\n                  \u001b[33mclass\u001b[39m=\u001b[32m\"block text-[11px] font-bold text-gray-500 uppercase tracking-widest mb-2\"\u001b[39m\n                \u001b[36m>\u001b[39m\n                  \u001b[0mFirst Name\u001b[0m\n                \u001b[36m</label>\u001b[39m\n                \u001b[36m<input\u001b[39m\n                  \u001b[33mclass\u001b[39m=\u001b[32m\"w-full px-4 py-3 rounded-lg text-[14px] text-[#191c1d] font-medium bg-[#f2f4f7] border-none outline-none focus:ring-2 focus:ring-[#003d9b]/20 transition-all\"\u001b[39m\n                  \u001b[33mname\u001b[39m=\u001b[32m\"firstName\"\u001b[39m\n                  \u001b[33mrequired\u001b[39m=\u001b[32m\"\"\u001b[39m\n                  \u001b[33mvalue\u001b[39m=\u001b[32m\"Jane\"\u001b[39m\n                \u001b[36m/>\u001b[39m\n              \u001b[36m</div>\u001b[39m\n              \u001b[36m<div>\u001b[39m\n                \u001b[36m<label\u001b[39m\n                  \u001b[33mclass\u001b[39m=\u001b[32m\"block text-[11px] font-bold text-gray-500 uppercase tracking-widest mb-2\"\u001b[39m\n                \u001b[36m>\u001b[39m\n                  \u001b[0mLast Name\u001b[0m\n                \u001b[36m</label>\u001b[39m\n                \u001b[36m<input\u001b[39m\n                  \u001b[33mclass\u001b[39m=\u001b[32m\"w-full px-4 py-3 rounded-lg text-[14px] text-[#191c1d] font-medium bg-[#f2f4f7] border-none outline-none focus:ring-2 focus:ring-[#003d9b]/20 transition-all\"\u001b[39m\n                  \u001b[33mname\u001b[39m=\u001b[32m\"lastName\"\u001b[39m\n                  \u001b[33mrequired\u001b[39m=\u001b[32m\"\"\u001b[39m\n                  \u001b[33mvalue\u001b[39m=\u001b[32m\"Doe\"\u001b[39m\n                \u001b[36m/>\u001b[39m\n              \u001b[36m</div>\u001b[39m\n            \u001b[36m</div>\u001b[39m\n            \u001b[36m<div>\u001b[39m\n              \u001b[36m<label\u001b[39m\n                \u001b[33mclass\u001b[39m=\u001b[32m\"block text-[11px] font-bold text-gray-500 uppercase tracking-widest mb-2\"\u001b[39m\n              \u001b[36m>\u001b[39m\n                \u001b[0mEmail Address\u001b[0m\n              \u001b[36m</label>\u001b[39m\n              \u001b[36m<input\u001b[39m\n                \u001b[33mclass\u001b[39m=\u001b[32m\"w-full px-4 py-3 rounded-lg text-[14px] text-[#191c1d] font-medium bg-[#f2f4f7] border-none outline-none focus:ring-2 focus:ring-[#003d9b]/20 transition-all opacity-60 cursor-not-allowed\"\u001b[39m\n                \u001b[33mreadonly\u001b[39m=\u001b[32m\"\"\u001b[39m\n                \u001b[33mvalue\u001b[39m=\u001b[32m\"jane@example.com\"\u001b[39m\n              \u001b[36m/>\u001b[39m\n            \u001b[36m</div>\u001b[39m\n            \u001b[36m<div>\u001b[39m\n              \u001b[36m<label\u001b[39m\n                \u001b[33mclass\u001b[39m=\u001b[32m\"block text-[11px] font-bold text-gray-500 uppercase tracking-widest mb-2\"\u001b[39m\n              \u001b[36m>\u001b[39m\n                \u001b[0mPhone Number\u001b[0m\n              \u001b[36m</label>\u001b[39m\n              \u001b[36m<input\u001b[39m\n                \u001b[33mclass\u001b[39m=\u001b[32m\"w-full px-4 py-3 rounded-lg text-[14px] text-[#191c1d] font-medium bg-[#f2f4f7] border-none outline-none focus:ring-2 focus:ring-[#003d9b]/20 transition-all\"\u001b[39m\n                \u001b[33mname\u001b[39m=\u001b[32m\"phone\"\u001b[39m\n                \u001b[33mvalue\u001b[39m=\u001b[32m\"555\"\u001b[39m\n              \u001b[36m/>\u001b[39m\n            \u001b[36m</div>\u001b[39m\n            \u001b[36m<div\u001b[39m\n              \u001b[33mclass\u001b[39m=\u001b[32m\"pt-6 mt-6 border-t border-gray-100 flex justify-end\"\u001b[39m\n            \u001b[36m>\u001b[39m\n              \u001b[36m<button\u001b[39m\n                \u001b[33mclass\u001b[39m=\u001b[32m\"bg-[#0047b3] text-white px-8 py-3 rounded-lg font-bold text-[14px] hover:bg-[#00368a] transition-colors disabled:opacity-50\"\u001b[39m\n                \u001b[33mtype\u001b[39m=\u001b[32m\"submit\"\u001b[39m\n              \u001b[36m>\u001b[39m\n                \u001b[0mSave Changes\u001b[0m\n              \u001b[36m</button>\u001b[39m\n            \u001b[36m</div>\u001b[39m\n          \u001b[36m</form>\u001b[39m\n        \u001b[36m</div>\u001b[39m\n        \u001b[36m<div\u001b[39m\n          \u001b[33mclass\u001b[39m=\u001b[32m\"bg-[#f8f9fa] p-8 rounded-2xl border border-gray-100 w-full\"\u001b[39m\n        \u001b[36m>\u001b[39m\n          \u001b[36m<div\u001b[39m\n            \u001b[33mclass\u001b[39m=\u001b[32m\"flex items-center justify-between mb-6\"\u001b[39m\n          \u001b[36m>\u001b[39m\n            \u001b[36m<h2\u001b[39m\n              \u001b[33mclass\u001b[39m=\u001b[32m\"text-[18px] font-bold text-[#191c1d] flex items-center\"\u001b[39m\n            \u001b[36m>\u001b[39m\n              \u001b[36m<div\u001b[39m\n                \u001b[33mclass\u001b[39m=\u001b[32m\"w-1.5 h-5 bg-[#0047b3] rounded-full mr-3\"\u001b[39m\n              \u001b[36m/>\u001b[39m\n              \u001b[0mDefault Shipping Address\u001b[0m\n            \u001b[36m</h2>\u001b[39m\n          \u001b[36m</div>\u001b[39m\n          \u001b[36m<form\u001b[39m\n            \u001b[33mclass\u001b[39m=\u001b[32m\"bg-white p-6 rounded-xl shadow-sm border border-gray-100 space-y-4\"\u001b[39m\n          \u001b[36m>\u001b[39m\n            \u001b[36m<div>\u001b[39m\n              \u001b[36m<label\u001b[39m\n                \u001b[33mclass\u001b[39m=\u001b[32m\"block text-[11px] font-bold text-gray-500 uppercase tracking-widest mb-2\"\u001b[39m\n              \u001b[36m>\u001b[39m\n                \u001b[0mStreet Address\u001b[0m\n              \u001b[36m</label>\u001b[39m\n              \u001b[36m<input\u001b[39m\n                \u001b[33mclass\u001b[39m=\u001b[32m\"w-full px-4 py-3 rounded-lg text-[14px] text-[#191c1d] font-medium bg-[#f2f4f7] border-none outline-none focus:ring-2 focus:ring-[#003d9b]/20 transition-all\"\u001b[39m\n                \u001b[33mname\u001b[39m=\u001b[32m\"street\"\u001b[39m\n                \u001b[33mplaceholder\u001b[39m=\u001b[32m\"123 Main St\"\u001b[39m\n                \u001b[33mrequired\u001b[39m=\u001b[32m\"\"\u001b[39m\n                \u001b[33mvalue\u001b[39m=\u001b[32m\"\"\u001b[39m\n              \u001b[36m/>\u001b[39m\n            \u001b[36m</div>\u001b[39m\n            \u001b[36m<div\u001b[39m\n              \u001b[33mclass\u001b[39m=\u001b[32m\"grid grid-cols-2 md:grid-cols-3 gap-4\"\u001b[39m\n            \u001b[36m>\u001b[39m\n              \u001b[36m<div\u001b[39m\n                \u001b[33mclass\u001b[39m=\u001b[32m\"col-span-2 md:col-span-1\"\u001b[39m\n              \u001b[36m>\u001b[39m\n                \u001b[36m<label\u001b[39m\n                  \u001b[33mclass\u001b[39m=\u001b[32m\"block text-[11px] font-bold text-gray-500 uppercase tracking-widest mb-2\"\u001b[39m\n                \u001b[36m>\u001b[39m\n                  \u001b[0mCity\u001b[0m\n                \u001b[36m</label>\u001b[39m\n                \u001b[36m<input\u001b[39m\n                  \u001b[33mclass\u001b[39m=\u001b[32m\"w-full px-4 py-3 rounded-lg text-[14px] text-[#191c1d] font-medium bg-[#f2f4f7] border-none outline-none focus:ring-2 focus:ring-[#003d9b]/20 transition-all\"\u001b[39m\n                  \u001b[33mname\u001b[39m=\u001b[32m\"city\"\u001b[39m\n                  \u001b[33mplaceholder\u001b[39m=\u001b[32m\"Phnom Penh\"\u001b[39m\n                  \u001b[33mrequired\u001b[39m=\u001b[32m\"\"\u001b[39m\n                  \u001b[33mvalue\u001b[39m=\u001b[32m\"\"\u001b[39m\n                \u001b[36m/>\u001b[39m\n              \u001b[36m</div>\u001b[39m\n              \u001b[36m<div>\u001b[39m\n                \u001b[36m<label\u001b[39m\n                  \u001b[33mclass\u001b[39m=\u001b[32m\"block text-[11px] font-bold text-gray-500 uppercase tracking-widest mb-2\"\u001b[39m\n                \u001b[36m>\u001b[39m\n                  \u001b[0mState/Province\u001b[0m\n                \u001b[36m</label>\u001b[39m\n                \u001b[36m<input\u001b[39m\n                  \u001b[33mclass\u001b[39m=\u001b[32m\"w-full px-4 py-3 rounded-lg text-[14px] text-[#191c1d] font-medium bg-[#f2f4f7] border-none outline-none focus:ring-2 focus:ring-[#003d9b]/20 transition-all\"\u001b[39m\n                  \u001b[33mname\u001b[39m=\u001b[32m\"state\"\u001b[39m\n                  \u001b[33mplaceholder\u001b[39m=\u001b[32m\"PP\"\u001b[39m\n                  \u001b[33mvalue\u001b[39m=\u001b[32m\"\"\u001b[39m\n                \u001b[36m/>\u001b[39m\n              \u001b[36m</div>\u001b[39m\n              \u001b[36m<div>\u001b[39m\n                \u001b[36m<label\u001b[39m\n                  \u001b[33mclass\u001b[39m=\u001b[32m\"block text-[11px] font-bold text-gray-500 uppercase tracking-widest mb-2\"\u001b[39m\n                \u001b[36m>\u001b[39m\n                  \u001b[0mZip Code\u001b[0m\n                \u001b[36m</label>\u001b[39m\n                \u001b[36m<input\u001b[39m\n                  \u001b[33mclass\u001b[39m=\u001b[32m\"w-full px-4 py-3 rounded-lg text-[14px] text-[#191c1d] font-medium bg-[#f2f4f7] border-none outline-none focus:ring-2 focus:ring-[#003d9b]/20 transition-all\"\u001b[39m\n                  \u001b[33mname\u001b[39m=\u001b[32m\"zipCode\"\u001b[39m\n                  \u001b[33mplaceholder\u001b[39m=\u001b[32m\"12000\"\u001b[39m\n                  \u001b[33mvalue\u001b[39m=\u001b[32m\"\"\u001b[39m\n                \u001b[36m/>\u001b[39m\n              \u001b[36m</div>\u001b[39m\n            \u001b[36m</div>\u001b[39m\n            \u001b[36m<div\u001b[39m\n              \u001b[33mclass\u001b[39m=\u001b[32m\"pt-4 flex justify-end gap-3\"\u001b[39m\n            \u001b[36m>\u001b[39m\n              \u001b[36m<button\u001b[39m\n                \u001b[33mclass\u001b[39m=\u001b[32m\"cursor-pointer px-4 py-2 text-[14px] font-bold text-gray-500 hover:text-gray-800 transition-colors\"\u001b[39m\n                \u001b[33mtype\u001b[39m=\u001b[32m\"button\"\u001b[39m\n              \u001b[36m>\u001b[39m\n                \u001b[0mCancel\u001b[0m\n              \u001b[36m</button>\u001b[39m\n              \u001b[36m<button\u001b[39m\n                \u001b[33mclass\u001b[39m=\u001b[32m\"cursor-pointer flex items-center gap-2 bg-[#0047b3] text-white px-6 py-2 rounded-lg font-bold text-[14px] hover:bg-[#00368a] transition-colors disabled:opacity-50\"\u001b[39m\n                \u001b[33mtype\u001b[39m=\u001b[32m\"submit\"\u001b[39m\n              \u001b[36m>\u001b[39m\n                \u001b[36m<svg\u001b[39m\n                  \u001b[33maria-hidden\u001b[39m=\u001b[32m\"true\"\u001b[39m\n                  \u001b[33mclass\u001b[39m=\u001b[32m\"lucide lucide-check\"\u001b[39m\n                  \u001b[33mfill\u001b[39m=\u001b[32m\"none\"\u001b[39m\n                  \u001b[33mheight\u001b[39m=\u001b[32m\"16\"\u001b[39m\n                  \u001b[33mstroke\u001b[39m=\u001b[32m\"currentColor\"\u001b[39m\n                  \u001b[33mstroke-linecap\u001b[39m=\u001b[32m\"round\"\u001b[39m\n                  \u001b[33mstroke-linejoin\u001b[39m=\u001b[32m\"round\"\u001b[39m\n                  \u001b[33mstroke-width\u001b[39m=\u001b[32m\"2\"\u001b[39m\n                  \u001b[33mviewBox\u001b[39m=\u001b[32m\"0 0 24 24\"\u001b[39m\n                  \u001b[33mwidth\u001b[39m=\u001b[32m\"16\"\u001b[39m\n                  \u001b[33mxmlns\u001b[39m=\u001b[32m\"http://www.w3.org/2000/svg\"\u001b[39m\n                \u001b[36m>\u001b[39m\n                  \u001b[36m<path\u001b[39m\n                    \u001b[33md\u001b[39m=\u001b[32m\"M20 6 9 17l-5-5\"\u001b[39m\n                  \u001b[36m/>\u001b[39m\n                \u001b[36m</svg>\u001b[39m\n                \u001b[0m Save Address\u001b[0m\n              \u001b[36m</button>\u001b[39m\n            \u001b[36m</div>\u001b[39m\n          \u001b[36m</form>\u001b[39m\n        \u001b[36m</div>\u001b[39m\n      \u001b[36m</div>\u001b[39m\n    \u001b[36m</div>\u001b[39m\n  \u001b[36m</body>\u001b[39m\n\u001b[36m</html>\u001b[39m\n    at Proxy.<anonymous> (file:///D:/VS%20Code/Electronic%20Store/electronic-store/frontend/node_modules/@vitest/expect/dist/index.js:1487:10)\n    at Proxy.<anonymous> (file:///D:/VS%20Code/Electronic%20Store/electronic-store/frontend/node_modules/@vitest/expect/dist/index.js:1156:15)\n    at Proxy.methodWrapper (file:///D:/VS%20Code/Electronic%20Store/electronic-store/frontend/node_modules/chai/index.js:1700:25)\n    at D:/VS Code/Electronic Store/electronic-store/frontend/src/components/account/ProfileTab.test.jsx:71:37\n    at runWithExpensiveErrorDiagnosticsDisabled (D:\\VS Code\\Electronic Store\\electronic-store\\frontend\\node_modules\\@testing-library\\dom\\dist\\config.js:47:12)\n    at checkCallback (D:\\VS Code\\Electronic Store\\electronic-store\\frontend\\node_modules\\@testing-library\\dom\\dist\\wait-for.js:124:77)\n    at Timeout.checkRealTimersCallback (D:\\VS Code\\Electronic Store\\electronic-store\\frontend\\node_modules\\@testing-library\\dom\\dist\\wait-for.js:118:16)\n    at listOnTimeout (node:internal/timers:605:17)\n    at processTimers (node:internal/timers:541:7)"],"meta":{},"tags":[]}],"startTime":1776585753963,"endTime":1776585757082.107,"status":"failed","message":"","name":"D:/VS Code/Electronic Store/electronic-store/frontend/src/components/account/ProfileTab.test.jsx"}]}